<?xml version="1.0" encoding="UTF-8"?>
<!-- Generated by org.testng.reporters.JUnitReportReporter -->
<testsuite hostname="suvarna" failures="0" tests="5" name="mavenproject.prioritycls" time="0.042" errors="0" timestamp="2022-10-06T22:12:05 IST" skipped="0">
  <testcase classname="mavenproject.prioritycls" name="testcase3" time="0.013"/>
  <system-out/>
  <testcase classname="mavenproject.prioritycls" name="testcase2" time="0.004"/>
  <system-out/>
  <testcase classname="mavenproject.prioritycls" name="testcase1" time="0.008"/>
  <system-out/>
  <testcase classname="mavenproject.prioritycls" name="testcase1" time="0.007"/>
  <system-out/>
  <testcase classname="mavenproject.prioritycls" name="testcase1" time="0.010"/>
  <system-out/>
</testsuite> <!-- mavenproject.prioritycls -->
