<?xml version="1.0" encoding="UTF-8"?>
<!-- Generated by org.testng.reporters.JUnitReportReporter -->
<testsuite hostname="suvarna" failures="0" tests="1" name="mavenproject.fliptest" time="0.454" errors="0" timestamp="2022-10-12T11:43:08 IST" skipped="0">
  <testcase classname="mavenproject.fliptest" name="display" time="0.454"/>
  <system-out/>
</testsuite> <!-- mavenproject.fliptest -->
