<?xml version="1.0" encoding="UTF-8"?>
<!-- Generated by org.testng.reporters.JUnitReportReporter -->
<testsuite hostname="suvarna" failures="0" tests="1" name="practice.getalllinkoggoogle" time="1.545" errors="0" timestamp="2022-10-19T13:05:15 IST" skipped="0">
  <testcase classname="practice.getalllinkoggoogle" name="displayalllink" time="1.545"/>
  <system-out/>
</testsuite> <!-- practice.getalllinkoggoogle -->
